<html>
<head>
<title>TestNG:  Function</title>
<link href="../testng.css" rel="stylesheet" type="text/css" />
<link href="../my-testng.css" rel="stylesheet" type="text/css" />

<style type="text/css">
.log { display: none;} 
.stack-trace { display: none;} 
</style>
<script type="text/javascript">
<!--
function flip(e) {
  current = e.style.display;
  if (current == 'block') {
    e.style.display = 'none';
    return 0;
  }
  else {
    e.style.display = 'block';
    return 1;
  }
}

function toggleBox(szDivId, elem, msg1, msg2)
{
  var res = -1;  if (document.getElementById) {
    res = flip(document.getElementById(szDivId));
  }
  else if (document.all) {
    // this is the way old msie versions work
    res = flip(document.all[szDivId]);
  }
  if(elem) {
    if(res == 0) elem.innerHTML = msg1; else elem.innerHTML = msg2;
  }

}

function toggleAllBoxes() {
  if (document.getElementsByTagName) {
    d = document.getElementsByTagName('div');
    for (i = 0; i < d.length; i++) {
      if (d[i].className == 'log') {
        flip(d[i]);
      }
    }
  }
}

// -->
</script>

</head>
<body>
<h2 align='center'>Function</h2><table border='1' align="center">
<tr>
<td>Tests passed/Failed/Skipped:</td><td>16/4/0</td>
</tr><tr>
<td>Started on:</td><td>Sun Aug 22 18:30:58 IST 2021</td>
</tr>
<tr><td>Total time:</td><td>0 seconds (139 ms)</td>
</tr><tr>
<td>Included groups:</td><td></td>
</tr><tr>
<td>Excluded groups:</td><td></td>
</tr>
</table><p/>
<small><i>(Hover the method name to see the test class name)</i></small><p/>
<table width='100%' border='1' class='invocation-failed'>
<tr><td colspan='4' align='center'><b>FAILED TESTS</b></td></tr>
<tr><td><b>Test method</b></td>
<td width="30%"><b>Exception</b></td>
<td width="10%"><b>Time (seconds)</b></td>
<td><b>Instance</b></td>
</tr>
<tr>
<td title='CrossCutting.Finance.CCrejection()'><b>CCrejection</b><br>Test class: CrossCutting.Finance</td>
<td><div><pre>java.lang.AssertionError: expected [true] but found [false]
	at CrossCutting.Finance.CCrejection(Finance.java:33)
	at java.base/java.util.ArrayList.forEach(ArrayList.java:1511)
... Removed 31 stack frames</pre></div><a href='#' onClick='toggleBox("stack-trace1006094903", this, "Click to show all stack frames", "Click to hide stack frames")'>Click to show all stack frames</a>
<div class='stack-trace' id='stack-trace1006094903'><pre>java.lang.AssertionError: expected [true] but found [false]
	at org.testng.Assert.fail(Assert.java:99)
	at org.testng.Assert.failNotEquals(Assert.java:1037)
	at org.testng.Assert.assertTrue(Assert.java:45)
	at org.testng.Assert.assertTrue(Assert.java:55)
	at CrossCutting.Finance.CCrejection(Finance.java:33)
	at java.base/jdk.internal.reflect.NativeMethodAccessorImpl.invoke0(Native Method)
	at java.base/jdk.internal.reflect.NativeMethodAccessorImpl.invoke(NativeMethodAccessorImpl.java:78)
	at java.base/jdk.internal.reflect.DelegatingMethodAccessorImpl.invoke(DelegatingMethodAccessorImpl.java:43)
	at java.base/java.lang.reflect.Method.invoke(Method.java:567)
	at org.testng.internal.MethodInvocationHelper.invokeMethod(MethodInvocationHelper.java:133)
	at org.testng.internal.TestInvoker.invokeMethod(TestInvoker.java:598)
	at org.testng.internal.TestInvoker.invokeTestMethod(TestInvoker.java:173)
	at org.testng.internal.MethodRunner.runInSequence(MethodRunner.java:46)
	at org.testng.internal.TestInvoker$MethodInvocationAgent.invoke(TestInvoker.java:824)
	at org.testng.internal.TestInvoker.invokeTestMethods(TestInvoker.java:146)
	at org.testng.internal.TestMethodWorker.invokeTestMethods(TestMethodWorker.java:146)
	at org.testng.internal.TestMethodWorker.run(TestMethodWorker.java:128)
	at java.base/java.util.ArrayList.forEach(ArrayList.java:1511)
	at org.testng.TestRunner.privateRun(TestRunner.java:794)
	at org.testng.TestRunner.run(TestRunner.java:596)
	at org.testng.SuiteRunner.runTest(SuiteRunner.java:377)
	at org.testng.SuiteRunner.runSequentially(SuiteRunner.java:371)
	at org.testng.SuiteRunner.privateRun(SuiteRunner.java:332)
	at org.testng.SuiteRunner.run(SuiteRunner.java:276)
	at org.testng.SuiteRunnerWorker.runSuite(SuiteRunnerWorker.java:53)
	at org.testng.SuiteRunnerWorker.run(SuiteRunnerWorker.java:96)
	at org.testng.TestNG.runSuitesSequentially(TestNG.java:1212)
	at org.testng.TestNG.runSuitesLocally(TestNG.java:1134)
	at org.testng.TestNG.runSuites(TestNG.java:1063)
	at org.testng.TestNG.run(TestNG.java:1031)
	at org.testng.remote.AbstractRemoteTestNG.run(AbstractRemoteTestNG.java:115)
	at org.testng.remote.RemoteTestNG.initAndRun(RemoteTestNG.java:251)
	at org.testng.remote.RemoteTestNG.main(RemoteTestNG.java:77)
</pre></div></td>
<td>0</td>
<td>CrossCutting.Finance@635eaaf1</td></tr>
<tr>
<td title='CrossCutting.Finance.FinanceDD()'><b>FinanceDD</b><br>Test class: CrossCutting.Finance</td>
<td><div><pre>org.testng.TestNGException: 
Parameter &apos;urlone&apos; is required by @Test on method FinanceDD but has not been marked @Optional or defined
in C:\Users\akash\eclipse-workspace\TestNg\testngfour.xml
	at java.base/java.util.ArrayList.forEach(ArrayList.java:1511)
... Removed 26 stack frames</pre></div><a href='#' onClick='toggleBox("stack-trace807752428", this, "Click to show all stack frames", "Click to hide stack frames")'>Click to show all stack frames</a>
<div class='stack-trace' id='stack-trace807752428'><pre>org.testng.TestNGException: 
Parameter &apos;urlone&apos; is required by @Test on method FinanceDD but has not been marked @Optional or defined
in C:\Users\akash\eclipse-workspace\TestNg\testngfour.xml
	at org.testng.internal.Parameters.createParams(Parameters.java:270)
	at org.testng.internal.Parameters.createParametersForMethod(Parameters.java:358)
	at org.testng.internal.Parameters.createParameters(Parameters.java:700)
	at org.testng.internal.Parameters.handleParameters(Parameters.java:884)
	at org.testng.internal.Parameters.handleParameters(Parameters.java:740)
	at org.testng.internal.ParameterHandler.handleParameters(ParameterHandler.java:59)
	at org.testng.internal.ParameterHandler.createParameters(ParameterHandler.java:38)
	at org.testng.internal.TestInvoker$MethodInvocationAgent.invoke(TestInvoker.java:791)
	at org.testng.internal.TestInvoker.invokeTestMethods(TestInvoker.java:146)
	at org.testng.internal.TestMethodWorker.invokeTestMethods(TestMethodWorker.java:146)
	at org.testng.internal.TestMethodWorker.run(TestMethodWorker.java:128)
	at java.base/java.util.ArrayList.forEach(ArrayList.java:1511)
	at org.testng.TestRunner.privateRun(TestRunner.java:794)
	at org.testng.TestRunner.run(TestRunner.java:596)
	at org.testng.SuiteRunner.runTest(SuiteRunner.java:377)
	at org.testng.SuiteRunner.runSequentially(SuiteRunner.java:371)
	at org.testng.SuiteRunner.privateRun(SuiteRunner.java:332)
	at org.testng.SuiteRunner.run(SuiteRunner.java:276)
	at org.testng.SuiteRunnerWorker.runSuite(SuiteRunnerWorker.java:53)
	at org.testng.SuiteRunnerWorker.run(SuiteRunnerWorker.java:96)
	at org.testng.TestNG.runSuitesSequentially(TestNG.java:1212)
	at org.testng.TestNG.runSuitesLocally(TestNG.java:1134)
	at org.testng.TestNG.runSuites(TestNG.java:1063)
	at org.testng.TestNG.run(TestNG.java:1031)
	at org.testng.remote.AbstractRemoteTestNG.run(AbstractRemoteTestNG.java:115)
	at org.testng.remote.RemoteTestNG.initAndRun(RemoteTestNG.java:251)
	at org.testng.remote.RemoteTestNG.main(RemoteTestNG.java:77)
</pre></div></td>
<td>0</td>
<td>CrossCutting.Finance@635eaaf1</td></tr>
<tr>
<td title='CrossCutting.TaskManagement.TaskAdd()'><b>TaskAdd</b><br>Test class: CrossCutting.TaskManagement</td>
<td><div><pre>org.testng.TestNGException: 
Parameter &apos;urltwo&apos; is required by @Test on method TaskAdd but has not been marked @Optional or defined
in C:\Users\akash\eclipse-workspace\TestNg\testngfour.xml
	at java.base/java.util.ArrayList.forEach(ArrayList.java:1511)
... Removed 26 stack frames</pre></div><a href='#' onClick='toggleBox("stack-trace1644231115", this, "Click to show all stack frames", "Click to hide stack frames")'>Click to show all stack frames</a>
<div class='stack-trace' id='stack-trace1644231115'><pre>org.testng.TestNGException: 
Parameter &apos;urltwo&apos; is required by @Test on method TaskAdd but has not been marked @Optional or defined
in C:\Users\akash\eclipse-workspace\TestNg\testngfour.xml
	at org.testng.internal.Parameters.createParams(Parameters.java:270)
	at org.testng.internal.Parameters.createParametersForMethod(Parameters.java:358)
	at org.testng.internal.Parameters.createParameters(Parameters.java:700)
	at org.testng.internal.Parameters.handleParameters(Parameters.java:884)
	at org.testng.internal.Parameters.handleParameters(Parameters.java:740)
	at org.testng.internal.ParameterHandler.handleParameters(ParameterHandler.java:59)
	at org.testng.internal.ParameterHandler.createParameters(ParameterHandler.java:38)
	at org.testng.internal.TestInvoker$MethodInvocationAgent.invoke(TestInvoker.java:791)
	at org.testng.internal.TestInvoker.invokeTestMethods(TestInvoker.java:146)
	at org.testng.internal.TestMethodWorker.invokeTestMethods(TestMethodWorker.java:146)
	at org.testng.internal.TestMethodWorker.run(TestMethodWorker.java:128)
	at java.base/java.util.ArrayList.forEach(ArrayList.java:1511)
	at org.testng.TestRunner.privateRun(TestRunner.java:794)
	at org.testng.TestRunner.run(TestRunner.java:596)
	at org.testng.SuiteRunner.runTest(SuiteRunner.java:377)
	at org.testng.SuiteRunner.runSequentially(SuiteRunner.java:371)
	at org.testng.SuiteRunner.privateRun(SuiteRunner.java:332)
	at org.testng.SuiteRunner.run(SuiteRunner.java:276)
	at org.testng.SuiteRunnerWorker.runSuite(SuiteRunnerWorker.java:53)
	at org.testng.SuiteRunnerWorker.run(SuiteRunnerWorker.java:96)
	at org.testng.TestNG.runSuitesSequentially(TestNG.java:1212)
	at org.testng.TestNG.runSuitesLocally(TestNG.java:1134)
	at org.testng.TestNG.runSuites(TestNG.java:1063)
	at org.testng.TestNG.run(TestNG.java:1031)
	at org.testng.remote.AbstractRemoteTestNG.run(AbstractRemoteTestNG.java:115)
	at org.testng.remote.RemoteTestNG.initAndRun(RemoteTestNG.java:251)
	at org.testng.remote.RemoteTestNG.main(RemoteTestNG.java:77)
</pre></div></td>
<td>0</td>
<td>CrossCutting.TaskManagement@2145b572</td></tr>
<tr>
<td title='CrossCutting.TaskManagement.Taskdelete()'><b>Taskdelete</b><br>Test class: CrossCutting.TaskManagement</td>
<td><div><pre>org.testng.TestNGException: 
Parameter &apos;url&apos; is required by @Test on method Taskdelete but has not been marked @Optional or defined
in C:\Users\akash\eclipse-workspace\TestNg\testngfour.xml
	at java.base/java.util.ArrayList.forEach(ArrayList.java:1511)
... Removed 26 stack frames</pre></div><a href='#' onClick='toggleBox("stack-trace1867139015", this, "Click to show all stack frames", "Click to hide stack frames")'>Click to show all stack frames</a>
<div class='stack-trace' id='stack-trace1867139015'><pre>org.testng.TestNGException: 
Parameter &apos;url&apos; is required by @Test on method Taskdelete but has not been marked @Optional or defined
in C:\Users\akash\eclipse-workspace\TestNg\testngfour.xml
	at org.testng.internal.Parameters.createParams(Parameters.java:270)
	at org.testng.internal.Parameters.createParametersForMethod(Parameters.java:358)
	at org.testng.internal.Parameters.createParameters(Parameters.java:700)
	at org.testng.internal.Parameters.handleParameters(Parameters.java:884)
	at org.testng.internal.Parameters.handleParameters(Parameters.java:740)
	at org.testng.internal.ParameterHandler.handleParameters(ParameterHandler.java:59)
	at org.testng.internal.ParameterHandler.createParameters(ParameterHandler.java:38)
	at org.testng.internal.TestInvoker$MethodInvocationAgent.invoke(TestInvoker.java:791)
	at org.testng.internal.TestInvoker.invokeTestMethods(TestInvoker.java:146)
	at org.testng.internal.TestMethodWorker.invokeTestMethods(TestMethodWorker.java:146)
	at org.testng.internal.TestMethodWorker.run(TestMethodWorker.java:128)
	at java.base/java.util.ArrayList.forEach(ArrayList.java:1511)
	at org.testng.TestRunner.privateRun(TestRunner.java:794)
	at org.testng.TestRunner.run(TestRunner.java:596)
	at org.testng.SuiteRunner.runTest(SuiteRunner.java:377)
	at org.testng.SuiteRunner.runSequentially(SuiteRunner.java:371)
	at org.testng.SuiteRunner.privateRun(SuiteRunner.java:332)
	at org.testng.SuiteRunner.run(SuiteRunner.java:276)
	at org.testng.SuiteRunnerWorker.runSuite(SuiteRunnerWorker.java:53)
	at org.testng.SuiteRunnerWorker.run(SuiteRunnerWorker.java:96)
	at org.testng.TestNG.runSuitesSequentially(TestNG.java:1212)
	at org.testng.TestNG.runSuitesLocally(TestNG.java:1134)
	at org.testng.TestNG.runSuites(TestNG.java:1063)
	at org.testng.TestNG.run(TestNG.java:1031)
	at org.testng.remote.AbstractRemoteTestNG.run(AbstractRemoteTestNG.java:115)
	at org.testng.remote.RemoteTestNG.initAndRun(RemoteTestNG.java:251)
	at org.testng.remote.RemoteTestNG.main(RemoteTestNG.java:77)
</pre></div></td>
<td>0</td>
<td>CrossCutting.TaskManagement@2145b572</td></tr>
</table><p>
<table width='100%' border='1' class='invocation-passed'>
<tr><td colspan='4' align='center'><b>PASSED TESTS</b></td></tr>
<tr><td><b>Test method</b></td>
<td width="30%"><b>Exception</b></td>
<td width="10%"><b>Time (seconds)</b></td>
<td><b>Instance</b></td>
</tr>
<tr>
<td title='CrossCutting.DocumentManagement.Paymentsch()'><b>Paymentsch</b><br>Test class: CrossCutting.DocumentManagement<br>Parameters: thirdusername, thirdpassword</td>
<td></td>
<td>0</td>
<td>CrossCutting.DocumentManagement@15eb5ee5</td></tr>
<tr>
<td title='CrossCutting.DocumentManagement.DocCreatecm()'><b>DocCreatecm</b><br>Test class: CrossCutting.DocumentManagement</td>
<td></td>
<td>0</td>
<td>CrossCutting.DocumentManagement@15eb5ee5</td></tr>
<tr>
<td title='CrossCutting.Finance.CCSucess()'><b>CCSucess</b><br>Test class: CrossCutting.Finance</td>
<td></td>
<td>0</td>
<td>CrossCutting.Finance@635eaaf1</td></tr>
<tr>
<td title='CrossCutting.FndManagement.FndPersonBO()'><b>FndPersonBO</b><br>Test class: CrossCutting.FndManagement</td>
<td></td>
<td>0</td>
<td>CrossCutting.FndManagement@3daa422a</td></tr>
<tr>
<td title='CrossCutting.TaskManagement.Automatictask()'><b>Automatictask</b><br>Test class: CrossCutting.TaskManagement</td>
<td></td>
<td>0</td>
<td>CrossCutting.TaskManagement@2145b572</td></tr>
<tr>
<td title='CrossCutting.DocumentManagement.Sepa()'><b>Sepa</b><br>Test class: CrossCutting.DocumentManagement</td>
<td></td>
<td>0</td>
<td>CrossCutting.DocumentManagement@15eb5ee5</td></tr>
<tr>
<td title='CrossCutting.Finance.FinaceCC()'><b>FinaceCC</b><br>Test class: CrossCutting.Finance</td>
<td></td>
<td>0</td>
<td>CrossCutting.Finance@635eaaf1</td></tr>
<tr>
<td title='CrossCutting.DocumentManagement.DocIPP()'><b>DocIPP</b><br>Test class: CrossCutting.DocumentManagement</td>
<td></td>
<td>0</td>
<td>CrossCutting.DocumentManagement@15eb5ee5</td></tr>
<tr>
<td title='CrossCutting.FndManagement.FndContractBO()'><b>FndContractBO</b><br>Test class: CrossCutting.FndManagement</td>
<td></td>
<td>0</td>
<td>CrossCutting.FndManagement@3daa422a</td></tr>
<tr>
<td title='CrossCutting.Finance.FinancePS()'><b>FinancePS</b><br>Test class: CrossCutting.Finance</td>
<td></td>
<td>0</td>
<td>CrossCutting.Finance@635eaaf1</td></tr>
<tr>
<td title='CrossCutting.DocumentManagement.Paymentsch()'><b>Paymentsch</b><br>Test class: CrossCutting.DocumentManagement<br>Parameters: secondusername, secondpassword</td>
<td></td>
<td>0</td>
<td>CrossCutting.DocumentManagement@15eb5ee5</td></tr>
<tr>
<td title='CrossCutting.DocumentManagement.DocBatch()'><b>DocBatch</b><br>Test class: CrossCutting.DocumentManagement</td>
<td></td>
<td>0</td>
<td>CrossCutting.DocumentManagement@15eb5ee5</td></tr>
<tr>
<td title='CrossCutting.FndManagement.FndClaimBO()'><b>FndClaimBO</b><br>Test class: CrossCutting.FndManagement</td>
<td></td>
<td>0</td>
<td>CrossCutting.FndManagement@3daa422a</td></tr>
<tr>
<td title='CrossCutting.DocumentManagement.Paymentsch()'><b>Paymentsch</b><br>Test class: CrossCutting.DocumentManagement<br>Parameters: firstusername, firstpassword</td>
<td></td>
<td>0</td>
<td>CrossCutting.DocumentManagement@15eb5ee5</td></tr>
<tr>
<td title='CrossCutting.FndManagement.Delete()'><b>Delete</b><br>Test class: CrossCutting.FndManagement</td>
<td></td>
<td>0</td>
<td>CrossCutting.FndManagement@3daa422a</td></tr>
<tr>
<td title='CrossCutting.TaskManagement.TaskNote()'><b>TaskNote</b><br>Test class: CrossCutting.TaskManagement</td>
<td></td>
<td>0</td>
<td>CrossCutting.TaskManagement@2145b572</td></tr>
</table><p>
</body>
</html>